2025-08-02 00:10:46,547 - app - INFO - Sistema de logging configurado com sucesso
2025-08-02 00:10:46,549 - app - INFO - Criando cliente Supabase...
2025-08-02 00:10:46,661 - app - INFO - Cliente Supabase criado com sucesso
2025-08-02 00:10:46,666 - app - INFO - Cliente Supabase inicializado com sucesso
2025-08-02 00:10:46,669 - agno_service - INFO - 🚀 AgnoService REAL inicializado
2025-08-02 00:10:46,671 - agno_service - INFO - 🚀 AgnoService REAL exportado e pronto para uso!
2025-08-02 00:14:23,959 - app - INFO - Sistema de logging configurado com sucesso
2025-08-02 00:14:23,960 - app - INFO - Criando cliente Supabase...
2025-08-02 00:14:24,034 - app - INFO - Cliente Supabase criado com sucesso
2025-08-02 00:14:24,035 - app - INFO - Cliente Supabase inicializado com sucesso
2025-08-02 00:14:24,037 - agno_service - INFO - 🚀 AgnoService REAL inicializado
2025-08-02 00:14:24,038 - agno_service - INFO - 🚀 AgnoService REAL exportado e pronto para uso!
2025-08-02 00:15:33,257 - app - INFO - Sistema de logging configurado com sucesso
2025-08-02 00:15:33,259 - app - INFO - Criando cliente Supabase...
2025-08-02 00:15:33,409 - app - INFO - Cliente Supabase criado com sucesso
2025-08-02 00:15:33,411 - app - INFO - Cliente Supabase inicializado com sucesso
2025-08-02 00:15:33,416 - agno_service - INFO - 🚀 AgnoService REAL inicializado
2025-08-02 00:15:33,419 - agno_service - INFO - 🚀 AgnoService REAL exportado e pronto para uso!
2025-08-02 00:18:00,101 - app - INFO - Sistema de logging configurado com sucesso
2025-08-02 00:18:00,103 - app - INFO - Criando cliente Supabase...
2025-08-02 00:18:00,350 - app - INFO - Cliente Supabase criado com sucesso
2025-08-02 00:18:00,352 - app - INFO - Cliente Supabase inicializado com sucesso
2025-08-02 00:18:00,356 - agno_service - INFO - 🚀 AgnoService REAL inicializado
2025-08-02 00:18:00,357 - agno_service - INFO - 🚀 AgnoService REAL exportado e pronto para uso!
2025-08-02 00:20:22,094 - app - INFO - Sistema de logging configurado com sucesso
2025-08-02 00:20:22,097 - app - INFO - Criando cliente Supabase...
2025-08-02 00:20:22,310 - app - INFO - Cliente Supabase criado com sucesso
2025-08-02 00:20:22,312 - app - INFO - Cliente Supabase inicializado com sucesso
2025-08-02 00:20:22,316 - agno_service - INFO - 🚀 AgnoService REAL inicializado
2025-08-02 00:20:22,318 - agno_service - INFO - 🚀 AgnoService REAL exportado e pronto para uso!
2025-08-02 00:22:51,361 - app - INFO - Sistema de logging configurado com sucesso
2025-08-02 00:22:51,362 - app - INFO - Criando cliente Supabase...
2025-08-02 00:22:51,452 - app - INFO - Cliente Supabase criado com sucesso
2025-08-02 00:22:51,453 - app - INFO - Cliente Supabase inicializado com sucesso
2025-08-02 00:22:51,455 - agno_service - INFO - 🚀 AgnoService REAL inicializado
2025-08-02 00:22:51,457 - agno_service - INFO - 🚀 AgnoService REAL exportado e pronto para uso!
2025-08-02 00:24:30,433 - app - INFO - Sistema de logging configurado com sucesso
2025-08-02 00:24:30,434 - app - INFO - Criando cliente Supabase...
2025-08-02 00:24:30,527 - app - INFO - Cliente Supabase criado com sucesso
2025-08-02 00:24:30,529 - app - INFO - Cliente Supabase inicializado com sucesso
2025-08-02 00:24:30,531 - agno_service - INFO - 🚀 AgnoService REAL inicializado
2025-08-02 00:24:30,533 - agno_service - INFO - 🚀 AgnoService REAL exportado e pronto para uso!
2025-08-03 17:41:44,421 - app - INFO - Sistema de logging configurado com sucesso
2025-08-03 17:41:44,422 - app - INFO - Criando cliente Supabase...
2025-08-03 17:41:44,502 - app - INFO - Cliente Supabase criado com sucesso
2025-08-03 17:41:44,504 - app - INFO - Cliente Supabase inicializado com sucesso
2025-08-03 17:41:44,508 - agno_service - INFO - 🚀 AgnoService REAL inicializado
2025-08-03 17:41:44,511 - agno_service - INFO - 🚀 AgnoService REAL exportado e pronto para uso!
2025-08-03 18:35:10,948 - app - INFO - Sistema de logging configurado com sucesso
2025-08-03 18:35:10,949 - app - INFO - Criando cliente Supabase...
2025-08-03 18:35:11,200 - app - INFO - Cliente Supabase criado com sucesso
2025-08-03 18:35:11,205 - app - INFO - Cliente Supabase inicializado com sucesso
2025-08-03 18:35:11,209 - agno_service - INFO - 🚀 AgnoService REAL inicializado
2025-08-03 18:35:11,211 - agno_service - INFO - 🚀 AgnoService REAL exportado e pronto para uso!
2025-08-03 18:57:37,943 - app - INFO - Sistema de logging configurado com sucesso
2025-08-03 18:57:37,945 - app - INFO - Criando cliente Supabase...
2025-08-03 18:57:38,157 - app - INFO - Cliente Supabase criado com sucesso
2025-08-03 18:57:38,159 - app - INFO - Cliente Supabase inicializado com sucesso
2025-08-03 18:57:38,162 - agno_service - INFO - 🚀 AgnoService REAL inicializado
2025-08-03 18:57:38,163 - agno_service - INFO - 🚀 AgnoService REAL exportado e pronto para uso!
2025-08-03 18:57:56,973 - app - INFO - Sistema de logging configurado com sucesso
2025-08-03 18:57:56,974 - app - INFO - Criando cliente Supabase...
2025-08-03 18:57:57,058 - app - INFO - Cliente Supabase criado com sucesso
2025-08-03 18:57:57,060 - app - INFO - Cliente Supabase inicializado com sucesso
2025-08-03 18:57:57,063 - agno_service - INFO - 🚀 AgnoService REAL inicializado
2025-08-03 18:57:57,065 - agno_service - INFO - 🚀 AgnoService REAL exportado e pronto para uso!
2025-08-03 18:58:00,562 - app - INFO - Sistema de logging configurado com sucesso
2025-08-03 18:58:00,563 - app - INFO - Criando cliente Supabase...
2025-08-03 18:58:00,636 - app - INFO - Cliente Supabase criado com sucesso
2025-08-03 18:58:00,637 - app - INFO - Cliente Supabase inicializado com sucesso
2025-08-03 18:58:00,640 - agno_service - INFO - 🚀 AgnoService REAL inicializado
2025-08-03 18:58:00,642 - agno_service - INFO - 🚀 AgnoService REAL exportado e pronto para uso!
2025-08-03 19:20:05,103 - app - INFO - Sistema de logging configurado com sucesso
2025-08-03 19:20:05,104 - app - INFO - Criando cliente Supabase...
2025-08-03 19:20:05,196 - app - INFO - Cliente Supabase criado com sucesso
2025-08-03 19:20:05,197 - app - INFO - Cliente Supabase inicializado com sucesso
2025-08-03 19:20:05,200 - agno_service - INFO - 🚀 AgnoService REAL inicializado
2025-08-03 19:20:05,202 - agno_service - INFO - 🚀 AgnoService REAL exportado e pronto para uso!
2025-08-03 19:39:34,193 - app - INFO - Sistema de logging configurado com sucesso
2025-08-03 19:39:34,194 - app - INFO - Criando cliente Supabase...
2025-08-03 19:39:34,273 - app - INFO - Cliente Supabase criado com sucesso
2025-08-03 19:39:34,275 - app - INFO - Cliente Supabase inicializado com sucesso
2025-08-03 19:39:34,278 - agno_service - INFO - 🚀 AgnoService REAL inicializado
2025-08-03 19:39:34,279 - agno_service - INFO - 🚀 AgnoService REAL exportado e pronto para uso!
2025-08-03 19:51:30,390 - app - INFO - Sistema de logging configurado com sucesso
2025-08-03 19:51:30,391 - app - INFO - Criando cliente Supabase...
2025-08-03 19:51:30,528 - app - INFO - Cliente Supabase criado com sucesso
2025-08-03 19:51:30,530 - app - INFO - Cliente Supabase inicializado com sucesso
2025-08-03 19:51:30,534 - agno_service - INFO - 🚀 AgnoService REAL inicializado
2025-08-03 19:51:30,536 - agno_service - INFO - 🚀 AgnoService REAL exportado e pronto para uso!
2025-08-03 20:24:37,769 - app - INFO - Sistema de logging configurado com sucesso
2025-08-03 20:24:37,772 - app - INFO - Criando cliente Supabase...
2025-08-03 20:24:37,955 - app - INFO - Cliente Supabase criado com sucesso
2025-08-03 20:24:37,956 - app - INFO - Cliente Supabase inicializado com sucesso
2025-08-03 20:24:37,961 - agno_service - INFO - 🚀 AgnoService REAL inicializado
2025-08-03 20:24:37,963 - agno_service - INFO - 🚀 AgnoService REAL exportado e pronto para uso!
2025-08-03 20:43:03,365 - app - INFO - Sistema de logging configurado com sucesso
2025-08-03 20:43:03,367 - app - INFO - Criando cliente Supabase...
2025-08-03 20:43:03,606 - app - INFO - Cliente Supabase criado com sucesso
2025-08-03 20:43:03,607 - app - INFO - Cliente Supabase inicializado com sucesso
2025-08-03 20:43:03,611 - agno_service - INFO - 🚀 AgnoService REAL inicializado
2025-08-03 20:43:03,612 - agno_service - INFO - 🚀 AgnoService REAL exportado e pronto para uso!
2025-08-03 21:42:37,269 - app - INFO - Sistema de logging configurado com sucesso
2025-08-03 21:42:37,272 - app - INFO - Criando cliente Supabase...
2025-08-03 21:42:37,494 - app - INFO - Cliente Supabase criado com sucesso
2025-08-03 21:42:37,496 - app - INFO - Cliente Supabase inicializado com sucesso
2025-08-03 21:42:37,503 - agno_service - INFO - 🚀 AgnoService REAL inicializado
2025-08-03 21:42:37,505 - agno_service - INFO - 🚀 AgnoService REAL exportado e pronto para uso!
2025-08-03 21:43:40,950 - app - INFO - Sistema de logging configurado com sucesso
2025-08-03 21:43:40,951 - app - INFO - Criando cliente Supabase...
2025-08-03 21:43:41,024 - app - INFO - Cliente Supabase criado com sucesso
2025-08-03 21:43:41,026 - app - INFO - Cliente Supabase inicializado com sucesso
2025-08-03 21:43:41,028 - agno_service - INFO - 🚀 AgnoService REAL inicializado
2025-08-03 21:43:41,030 - agno_service - INFO - 🚀 AgnoService REAL exportado e pronto para uso!
2025-08-03 21:47:48,516 - app - INFO - Sistema de logging configurado com sucesso
2025-08-03 21:47:48,517 - app - INFO - Criando cliente Supabase...
2025-08-03 21:47:48,607 - app - INFO - Cliente Supabase criado com sucesso
2025-08-03 21:47:48,609 - app - INFO - Cliente Supabase inicializado com sucesso
2025-08-03 21:47:48,612 - agno_service - INFO - 🚀 AgnoService REAL inicializado
2025-08-03 21:47:48,613 - agno_service - INFO - 🚀 AgnoService REAL exportado e pronto para uso!
2025-08-03 21:50:53,627 - app - INFO - Sistema de logging configurado com sucesso
2025-08-03 21:50:53,629 - app - INFO - Criando cliente Supabase...
2025-08-03 21:50:53,786 - app - INFO - Cliente Supabase criado com sucesso
2025-08-03 21:50:53,787 - app - INFO - Cliente Supabase inicializado com sucesso
2025-08-03 21:50:53,791 - agno_service - INFO - 🚀 AgnoService REAL inicializado
2025-08-03 21:50:53,794 - agno_service - INFO - 🚀 AgnoService REAL exportado e pronto para uso!
2025-08-03 21:53:22,730 - app - INFO - Sistema de logging configurado com sucesso
2025-08-03 21:53:22,732 - app - INFO - Criando cliente Supabase...
2025-08-03 21:53:22,919 - app - INFO - Cliente Supabase criado com sucesso
2025-08-03 21:53:22,921 - app - INFO - Cliente Supabase inicializado com sucesso
2025-08-03 21:53:22,925 - agno_service - INFO - 🚀 AgnoService REAL inicializado
2025-08-03 21:53:22,928 - agno_service - INFO - 🚀 AgnoService REAL exportado e pronto para uso!
2025-08-03 21:58:33,623 - app - INFO - Sistema de logging configurado com sucesso
2025-08-03 21:58:33,632 - app - INFO - Criando cliente Supabase...
2025-08-03 21:58:33,796 - app - INFO - Cliente Supabase criado com sucesso
2025-08-03 21:58:33,798 - app - INFO - Cliente Supabase inicializado com sucesso
2025-08-03 21:58:33,802 - agno_service - INFO - 🚀 AgnoService REAL inicializado
2025-08-03 21:58:33,806 - agno_service - INFO - 🚀 AgnoService REAL exportado e pronto para uso!
2025-08-03 22:05:51,171 - app - INFO - Sistema de logging configurado com sucesso
2025-08-03 22:05:51,177 - app - INFO - Criando cliente Supabase...
2025-08-03 22:05:51,727 - app - INFO - Cliente Supabase criado com sucesso
2025-08-03 22:05:51,731 - app - INFO - Cliente Supabase inicializado com sucesso
2025-08-03 22:05:51,753 - agno_service - INFO - 🚀 AgnoService REAL inicializado
2025-08-03 22:05:51,764 - agno_service - INFO - 🚀 AgnoService REAL exportado e pronto para uso!
2025-08-03 22:08:18,230 - app - INFO - Sistema de logging configurado com sucesso
2025-08-03 22:08:18,231 - app - INFO - Criando cliente Supabase...
2025-08-03 22:08:18,437 - app - INFO - Cliente Supabase criado com sucesso
2025-08-03 22:08:18,442 - app - INFO - Cliente Supabase inicializado com sucesso
2025-08-03 22:08:18,447 - agno_service - INFO - 🚀 AgnoService REAL inicializado
2025-08-03 22:08:18,449 - agno_service - INFO - 🚀 AgnoService REAL exportado e pronto para uso!
